<?xml version="1.0" encoding="UTF-8"?>
<testng-results skipped="0" failed="0" ignored="0" total="1" passed="1">
  <reporter-output>
  </reporter-output>
  <suite name="Suite" duration-ms="43" started-at="2018-04-08T08:55:04Z" finished-at="2018-04-08T08:55:04Z">
    <groups>
    </groups>
    <test name="Test" duration-ms="43" started-at="2018-04-08T08:55:04Z" finished-at="2018-04-08T08:55:04Z">
      <class name="vTigerIntegration.login">
        <test-method status="PASS" signature="validLogin()[pri:0, instance:vTigerIntegration.login@d2e7d9]" name="validLogin" duration-ms="17" started-at="2018-04-08T14:25:04Z" finished-at="2018-04-08T14:25:04Z">
          <reporter-output>
          </reporter-output>
        </test-method> <!-- validLogin -->
      </class> <!-- vTigerIntegration.login -->
    </test> <!-- Test -->
  </suite> <!-- Suite -->
</testng-results>
