<?xml version="1.0" encoding="UTF-8"?>
<testng-results skipped="0" failed="0" total="1" passed="1">
  <reporter-output>
  </reporter-output>
  <suite name="Suite" duration-ms="10134" started-at="2018-06-09T07:03:30Z" finished-at="2018-06-09T07:03:40Z">
    <groups>
    </groups>
    <test name="Test" duration-ms="10134" started-at="2018-06-09T07:03:30Z" finished-at="2018-06-09T07:03:40Z">
      <class name="tests.login">
        <test-method status="PASS" signature="validLogin()[pri:0, instance:tests.login@153acfe]" name="validLogin" duration-ms="10113" started-at="2018-06-09T12:33:30Z" finished-at="2018-06-09T12:33:40Z">
          <reporter-output>
          </reporter-output>
        </test-method> <!-- validLogin -->
      </class> <!-- tests.login -->
    </test> <!-- Test -->
  </suite> <!-- Suite -->
</testng-results>
